Name	Value	Access	Address
EP0R	0x00003220	read-write	@ 0x40005C00
 EA	0x0
 STAT_TX	0x2
 DTOG_TX	0
 CTR_TX	0
 EP_KIND	0
 EP_TYPE	0x1
 SETUP	0
 STAT_RX	0x3
 DTOG_RX	0
 CTR_RX	0

EP1R	0x00000000	read-write	@ 0x40005C04
 EA	0x0
 STAT_TX	0x0
 DTOG_TX	0
 CTR_TX	0
 EP_KIND	0
 EP_TYPE	0x0
 SETUP	0
 STAT_RX	0x0
 DTOG_RX	0
 CTR_RX	0

EP2R	0x00000000	read-write	@ 0x40005C08
 EA	0x0
 STAT_TX	0x0
 DTOG_TX	0
 CTR_TX	0
 EP_KIND	0
 EP_TYPE	0x0
 SETUP	0
 STAT_RX	0x0
 DTOG_RX	0
 CTR_RX	0

EP3R	0x00000000	read-write	@ 0x40005C0C
 EA	0x0
 STAT_TX	0x0
 DTOG_TX	0
 CTR_TX	0
 EP_KIND	0
 EP_TYPE	0x0
 SETUP	0
 STAT_RX	0x0
 DTOG_RX	0
 CTR_RX	0

EP4R	0x00000000	read-write	@ 0x40005C10
 EA	0x0
 STAT_TX	0x0
 DTOG_TX	0
 CTR_TX	0
 EP_KIND	0
 EP_TYPE	0x0
 SETUP	0
 STAT_RX	0x0
 DTOG_RX	0
 CTR_RX	0

EP5R	0x00000000	read-write	@ 0x40005C14
 EA	0x0
 STAT_TX	0x0
 DTOG_TX	0
 CTR_TX	0
 EP_KIND	0
 EP_TYPE	0x0
 SETUP	0
 STAT_RX	0x0
 DTOG_RX	0
 CTR_RX	0

EP6R	0x00000000	read-write	@ 0x40005C18
 EA	0x0
 STAT_TX	0x0
 DTOG_TX	0
 CTR_TX	0
 EP_KIND	0
 EP_TYPE	0x0
 SETUP	0
 STAT_RX	0x0
 DTOG_RX	0
 CTR_RX	0

EP7R	0x00000000	read-write	@ 0x40005C1C
 EA	0x0
 STAT_TX	0x0
 DTOG_TX	0
 CTR_TX	0
 EP_KIND	0
 EP_TYPE	0x0
 SETUP	0
 STAT_RX	0x0
 DTOG_RX	0
 CTR_RX	0

CNTR	0x0000BF00	read-write	@ 0x40005C40
 FRES	0
 PDWN	0
 LP_MODE	0
 FSUSP	0
 RESUME	0
 L1RESUME	0
 L1REQM	0
 ESOFM	1
 SOFM	1
 RESETM	1
 SUSPM	1
 WKUPM	1
 ERRM	1
 PMAOVRM	0
 CTRM	1

ISTR	0x00000200	read-write	@ 0x40005C44
 EP_ID	0x0
 DIR	0
 L1REQ	0
 ESOF	0
 SOF	1
 RESET	0
 SUSP	0
 WKUP	0
 ERR	0
 PMAOVR	0
 CTR	0

FNR	0x0000A604	read-only	@ 0x40005C48
 FN	0x604
 LSOF	0x0
 LCK	1
 RXDM	0
 RXDP	1

DADDR	0x0000009D	read-write	@ 0x40005C4C
 ADD	0x1D
 EF	1

BTABLE	0x00000000	read-write	@ 0x40005C50
 BTABLE	0x0

